
[2023-06-20: 15:35:45] URL:- /demo/index-captcha.html SartajPHP Exception: Call to undefined function imagecreatefrompng() Error in Element:- input#catcaha Comp file:- /home/sartaj/www/res/controls/bundle/captcha/Captcha.php Call to undefined function imagecreatefrompng() File:- /home/sartaj/www/res/controls/bundle/captcha/cap.php on line:- 42 File:- ../res/Slib/apps/forms/contacts.php Line:- 57 traceback:-  File:- /home/sartaj/www/res/Score/Sphp/global/startEngine.php On Line:-395 
                ENDLOG_DATA
[2023-06-20: 16:20:01] URL:- /demo/index-captcha.html SartajPHP Exception: Call to undefined function imagecreatefrompng() Error in Element:- input#catcaha Comp file:- /home/sartaj/www/res/controls/bundle/captcha/Captcha.php Call to undefined function imagecreatefrompng() File:- /home/sartaj/www/res/controls/bundle/captcha/cap.php on line:- 42 File:- ../res/Slib/apps/forms/contacts.php Line:- 57 traceback:-  File:- /home/sartaj/www/res/Score/Sphp/global/startEngine.php On Line:-395 
                ENDLOG_DATA
[2023-06-20: 16:20:05] URL:- /demo/index-captcha.html SartajPHP Exception: Call to undefined function imagecreatefrompng() Error in Element:- input#catcaha Comp file:- /home/sartaj/www/res/controls/bundle/captcha/Captcha.php Call to undefined function imagecreatefrompng() File:- /home/sartaj/www/res/controls/bundle/captcha/cap.php on line:- 42 File:- ../res/Slib/apps/forms/contacts.php Line:- 57 traceback:-  File:- /home/sartaj/www/res/Score/Sphp/global/startEngine.php On Line:-395 
                ENDLOG_DATA
[2023-06-20: 16:28:55] URL:- /demo/iadmin.html SartajPHP Exception: Page not found File:- /home/sartaj/www/res/Score/Sphp/libsphp1.php Line:- 46 traceback:-  File:- /home/sartaj/www/res/Score/Sphp/global/startEngine.php On Line:-395 
                ENDLOG_DATA
[2023-06-20: 16:39:38] URL:- /demo/admin.html SartajPHP Fatel Error:- Type:-2 Msg:-Constant autocompkey already defined File:-/home/sartaj/www/res/Slib/apps/auth/admlogin.php on line no. 36 
                ENDLOG_DATA
[2023-06-20: 17:11:57] URL:- /demo/index.html SartajPHP Fatel Error:- Type:-2 Msg:-include_once(/home/sartaj/www/demo/temp/default/admmenu.php): Failed to open stream: No such file or directory File:-/home/sartaj/www/demo/temp/default/master.php on line no. 21 
                ENDLOG_DATA
[2023-06-20: 17:13:14] URL:- /demo/index.html SartajPHP Fatel Error:- Type:-2 Msg:-include_once(/home/sartaj/www/demo/temp/default/admmenu.php): Failed to open stream: No such file or directory File:-/home/sartaj/www/demo/temp/default/master.php on line no. 21 
                ENDLOG_DATA
[2023-06-20: 17:20:39] URL:- /demo/admin.html SartajPHP Fatel Error:- Type:-2 Msg:-Undefined variable $page File:-/home/sartaj/www/res/Slib/apps/auth/admlogin.php on line no. 43 
                ENDLOG_DATA
[2023-06-20: 17:35:00] URL:- /demo/index.html SartajPHP Fatel Error:- Type:-2 Msg:-include_once(/home/sartaj/www/demo/temp/default/admmenu.php): Failed to open stream: No such file or directory File:-/home/sartaj/www/demo/temp/default/master.php on line no. 21 
                ENDLOG_DATA
[2023-06-20: 20:08:26] URL:- /demo/index-captcha.html SartajPHP Exception: Call to undefined function imagecreatefrompng() Error in Element:- input#catcaha Comp file:- /home/sartaj/www/res/controls/bundle/captcha/Captcha.php Call to undefined function imagecreatefrompng() File:- /home/sartaj/www/res/controls/bundle/captcha/cap.php on line:- 42 File:- ../res/Slib/apps/forms/contacts.php Line:- 57 traceback:-  File:- /home/sartaj/www/res/Score/Sphp/global/startEngine.php On Line:-395 
                ENDLOG_DATA
[2023-06-20: 20:09:23] URL:- /demo/index-captcha.html SartajPHP Exception: Call to undefined function imagecreatefrompng() Error in Element:- input#catcaha Comp file:- /home/sartaj/www/res/controls/bundle/captcha/Captcha.php Call to undefined function imagecreatefrompng() File:- /home/sartaj/www/res/controls/bundle/captcha/cap.php on line:- 42 File:- ../res/Slib/apps/forms/contacts.php Line:- 57 traceback:-  File:- /home/sartaj/www/res/Score/Sphp/global/startEngine.php On Line:-395 
                ENDLOG_DATA
[2023-06-20: 20:43:42] URL:- /demo/index-captcha.html SartajPHP Exception: Call to undefined function imagecreatefrompng() Error in Element:- input#catcaha Comp file:- /home/sartaj/www/res/controls/bundle/captcha/Captcha.php Call to undefined function imagecreatefrompng() File:- /home/sartaj/www/res/controls/bundle/captcha/cap.php on line:- 42 File:- ../res/Slib/apps/forms/contacts.php Line:- 57 traceback:-  File:- /home/sartaj/www/res/Score/Sphp/global/startEngine.php On Line:-395 
                ENDLOG_DATA
[2023-06-20: 21:11:36] URL:- /demo/index.html SartajPHP Exception: syntax error, unexpected token ";" File:- /home/sartaj/www/demo/apps/forms/index_front1.front on line:- 1 near line:- &lt;?php echo  ?&gt;syntax error, unexpected token ";" File:- /home/sartaj/www/res/Score/Sphp/libsphp1.php(63) : eval()'d code on line:- 1 File:- /home/sartaj/www/res/Score/Sphp/libsphp1.php(63) : eval()'d code Line:- 1 traceback:-  File:- /home/sartaj/www/res/Score/Sphp/global/startEngine.php On Line:-395 
                ENDLOG_DATA
[2023-06-20: 21:11:46] URL:- /demo/index.html SartajPHP Exception: syntax error, unexpected token ";" File:- /home/sartaj/www/demo/apps/forms/index_front1.front on line:- 1 near line:- &lt;?php echo  ?&gt;syntax error, unexpected token ";" File:- /home/sartaj/www/res/Score/Sphp/libsphp1.php(63) : eval()'d code on line:- 1 File:- /home/sartaj/www/res/Score/Sphp/libsphp1.php(63) : eval()'d code Line:- 1 traceback:-  File:- /home/sartaj/www/res/Score/Sphp/global/startEngine.php On Line:-395 
                ENDLOG_DATA
[2023-06-20: 21:12:21] URL:- /demo/index.html SartajPHP Fatel Error:- Type:-2 Msg:-Undefined array key "mypath" File:-/home/sartaj/www/res/Score/Sphp/libsphp1.php on line no. 64 
                ENDLOG_DATA
[2023-06-20: 21:12:47] URL:- /demo/index.html SartajPHP Fatel Error:- Type:-2 Msg:-Undefined array key "mypath" File:-/home/sartaj/www/res/Score/Sphp/libsphp1.php on line no. 64 
                ENDLOG_DATA
[2023-06-20: 21:14:11] URL:- /demo/index.html SartajPHP Fatel Error:- Type:-2 Msg:-Undefined array key "mypath" File:-/home/sartaj/www/res/Score/Sphp/libsphp1.php on line no. 64 
                ENDLOG_DATA
[2023-06-20: 21:14:12] URL:- /demo/index.html SartajPHP Fatel Error:- Type:-2 Msg:-Undefined array key "filepath" File:-/home/sartaj/www/res/Score/Sphp/libsphp1.php on line no. 64 
                ENDLOG_DATA
[2023-06-20: 21:29:18] URL:- /demo/index.html SartajPHP Exception: Undefined constant "SphpBase" File:- /home/sartaj/www/demo/apps/forms/index_front1.front on line:- 12 near line:-     &lt;tr&gt;&lt;td&gt;Register App in reg.php files&lt;/td&gt;&lt;td&gt;&lt;?php echo SphpBase-&gt;sphp_router()-&gt;getCurrentRequest() ?&gt;&lt;/td&gt;&lt;/tr&gt;Undefined constant "SphpBase" File:- /home/sartaj/www/res/Score/Sphp/libsphp1.php(63) : eval()'d code on line:- 12 File:- /home/sartaj/www/res/Score/Sphp/libsphp1.php(63) : eval()'d code Line:- 12 traceback:-  File:- /home/sartaj/www/res/Score/Sphp/global/startEngine.php On Line:-395 
                ENDLOG_DATA
[2023-06-20: 21:29:31] URL:- /demo/index.html SartajPHP Exception: Undefined constant "SphpBase" File:- /home/sartaj/www/demo/apps/forms/index_front1.front on line:- 12 near line:-     &lt;tr&gt;&lt;td&gt;Register App in reg.php files&lt;/td&gt;&lt;td&gt;&lt;?php echo SphpBase-&gt;sphp_router()-&gt;getCurrentRequest() ?&gt;&lt;/td&gt;&lt;/tr&gt;Undefined constant "SphpBase" File:- /home/sartaj/www/res/Score/Sphp/libsphp1.php(63) : eval()'d code on line:- 12 File:- /home/sartaj/www/res/Score/Sphp/libsphp1.php(63) : eval()'d code Line:- 12 traceback:-  File:- /home/sartaj/www/res/Score/Sphp/global/startEngine.php On Line:-395 
                ENDLOG_DATA
[2023-06-20: 21:33:55] URL:- /demo/index.html SartajPHP Exception: Call to undefined method Sphp\core\Router::getCurrentApp() File:- /home/sartaj/www/demo/apps/forms/index_front1.front on line:- 15 near line:-     &lt;tr&gt;&lt;td&gt;Register App with Controller&lt;/td&gt;&lt;td&gt;&lt;?php echo \SphpBase::sphp_router()-&gt;getCurrentApp() ?&gt;&lt;/td&gt;&lt;/tr&gt;Call to undefined method Sphp\core\Router::getCurrentApp() File:- /home/sartaj/www/res/Score/Sphp/libsphp1.php(63) : eval()'d code on line:- 15 File:- /home/sartaj/www/res/Score/Sphp/libsphp1.php(63) : eval()'d code Line:- 15 traceback:-  File:- /home/sartaj/www/res/Score/Sphp/global/startEngine.php On Line:-395 
                ENDLOG_DATA
[2023-06-20: 21:34:07] URL:- /demo/index.html SartajPHP Exception: Call to undefined method Sphp\core\Router::getCurrentApplication() File:- /home/sartaj/www/demo/apps/forms/index_front1.front on line:- 15 near line:-     &lt;tr&gt;&lt;td&gt;Register App with Controller&lt;/td&gt;&lt;td&gt;&lt;?php echo \SphpBase::sphp_router()-&gt;getCurrentApplication() ?&gt;&lt;/td&gt;&lt;/tr&gt;Call to undefined method Sphp\core\Router::getCurrentApplication() File:- /home/sartaj/www/res/Score/Sphp/libsphp1.php(63) : eval()'d code on line:- 15 File:- /home/sartaj/www/res/Score/Sphp/libsphp1.php(63) : eval()'d code Line:- 15 traceback:-  File:- /home/sartaj/www/res/Score/Sphp/global/startEngine.php On Line:-395 
                ENDLOG_DATA
[2023-06-20: 21:34:16] URL:- /demo/index.html SartajPHP Exception: Call to undefined method Sphp\core\Router::getCurrentApplicationPath() File:- /home/sartaj/www/demo/apps/forms/index_front1.front on line:- 15 near line:-     &lt;tr&gt;&lt;td&gt;Register App with Controller&lt;/td&gt;&lt;td&gt;&lt;?php echo \SphpBase::sphp_router()-&gt;getCurrentApplicationPath() ?&gt;&lt;/td&gt;&lt;/tr&gt;Call to undefined method Sphp\core\Router::getCurrentApplicationPath() File:- /home/sartaj/www/res/Score/Sphp/libsphp1.php(63) : eval()'d code on line:- 15 File:- /home/sartaj/www/res/Score/Sphp/libsphp1.php(63) : eval()'d code Line:- 15 traceback:-  File:- /home/sartaj/www/res/Score/Sphp/global/startEngine.php On Line:-395 
                ENDLOG_DATA
[2023-06-20: 21:34:27] URL:- /demo/index.html SartajPHP Exception: Call to undefined method Sphp\core\Router::getCurrentApplicationPath() File:- /home/sartaj/www/demo/apps/forms/index_front1.front on line:- 15 near line:-     &lt;tr&gt;&lt;td&gt;Register App with Controller&lt;/td&gt;&lt;td&gt;&lt;?php echo \SphpBase::sphp_router()-&gt;getCurrentApplicationPath() ?&gt;&lt;/td&gt;&lt;/tr&gt;Call to undefined method Sphp\core\Router::getCurrentApplicationPath() File:- /home/sartaj/www/res/Score/Sphp/libsphp1.php(63) : eval()'d code on line:- 15 File:- /home/sartaj/www/res/Score/Sphp/libsphp1.php(63) : eval()'d code Line:- 15 traceback:-  File:- /home/sartaj/www/res/Score/Sphp/global/startEngine.php On Line:-395 
                ENDLOG_DATA
[2023-06-20: 21:34:35] URL:- /demo/index.html SartajPHP Exception: Call to undefined method Sphp\core\Router::getRegisterApplicationPath() File:- /home/sartaj/www/demo/apps/forms/index_front1.front on line:- 15 near line:-     &lt;tr&gt;&lt;td&gt;Register App with Controller&lt;/td&gt;&lt;td&gt;&lt;?php echo \SphpBase::sphp_router()-&gt;getRegisterApplicationPath() ?&gt;&lt;/td&gt;&lt;/tr&gt;Call to undefined method Sphp\core\Router::getRegisterApplicationPath() File:- /home/sartaj/www/res/Score/Sphp/libsphp1.php(63) : eval()'d code on line:- 15 File:- /home/sartaj/www/res/Score/Sphp/libsphp1.php(63) : eval()'d code Line:- 15 traceback:-  File:- /home/sartaj/www/res/Score/Sphp/global/startEngine.php On Line:-395 
                ENDLOG_DATA
[2023-06-20: 21:35:09] URL:- /demo/index.html SartajPHP Exception: Too few arguments to function Sphp\core\Router::getAppPath(), 0 passed in (63) : error code on line 15 and exactly 1 expected File:- /home/sartaj/www/demo/apps/forms/index_front1.front on line:- 15 near line:-     &lt;tr&gt;&lt;td&gt;Register App with Controller&lt;/td&gt;&lt;td&gt;&lt;?php echo \SphpBase::sphp_router()-&gt;getAppPath() ?&gt;&lt;/td&gt;&lt;/tr&gt;Too few arguments to function Sphp\core\Router::getAppPath(), 0 passed in /home/sartaj/www/res/Score/Sphp/libsphp1.php(63) : eval()'d code on line 15 and exactly 1 expected File:- /home/sartaj/www/res/Score/Sphp/libsphp1.php on line:- 39 File:- /home/sartaj/www/res/Score/Sphp/libsphp1.php Line:- 39 traceback:-  File:- /home/sartaj/www/res/Score/Sphp/global/startEngine.php On Line:-395 
                ENDLOG_DATA
[2023-06-20: 21:36:06] URL:- /demo/index.html SartajPHP Exception: Too few arguments to function Sphp\core\Router::getAppPath(), 0 passed in (63) : error code on line 15 and exactly 1 expected File:- /home/sartaj/www/demo/apps/forms/index_front1.front on line:- 15 near line:-     &lt;tr&gt;&lt;td&gt;Register App with Controller&lt;/td&gt;&lt;td&gt;&lt;?php echo \SphpBase::sphp_router()-&gt;getAppPath() ?&gt;&lt;/td&gt;&lt;/tr&gt;Too few arguments to function Sphp\core\Router::getAppPath(), 0 passed in /home/sartaj/www/res/Score/Sphp/libsphp1.php(63) : eval()'d code on line 15 and exactly 1 expected File:- /home/sartaj/www/res/Score/Sphp/libsphp1.php on line:- 39 File:- /home/sartaj/www/res/Score/Sphp/libsphp1.php Line:- 39 traceback:-  File:- /home/sartaj/www/res/Score/Sphp/global/startEngine.php On Line:-395 
                ENDLOG_DATA
[2023-06-20: 21:36:18] URL:- /demo/index.html SartajPHP Fatel Error:- Type:-2 Msg:-Array to string conversion File:-/home/sartaj/www/res/Score/Sphp/libsphp1.php(63) : eval()'d code on line no. 15 
                ENDLOG_DATA
[2023-06-20: 21:46:58] URL:- /demo/index-txtname_keyup.html console.info("Controller:-index :Registered Application: /home/sartaj/www/demo/apps/index.app");console.info("Action:-evt :Event: txtname_keyup :Event Parameter: ");console.info("SPHP Time(ms):- 3.48, Req Time:- 13.46, TT:- 17.14");console.error("Error in txtname Detail:-  Minimum Characters should be 4 ");  
                ENDLOG_DATA
[2023-06-20: 21:46:59] URL:- /demo/index-txtname_keyup.html console.info("Controller:-index :Registered Application: /home/sartaj/www/demo/apps/index.app");console.info("Action:-evt :Event: txtname_keyup :Event Parameter: ");console.info("SPHP Time(ms):- 2.53, Req Time:- 9.13, TT:- 11.82");console.error("Error in txtname Detail:-  Minimum Characters should be 4 ");  
                ENDLOG_DATA
[2023-06-20: 21:46:59] URL:- /demo/index-txtname_keyup.html console.info("Controller:-index :Registered Application: /home/sartaj/www/demo/apps/index.app");console.info("Action:-evt :Event: txtname_keyup :Event Parameter: ");console.info("SPHP Time(ms):- 2.33, Req Time:- 8.78, TT:- 11.26");console.error("Error in txtname Detail:-  Minimum Characters should be 4 ");  
                ENDLOG_DATA
[2023-06-20: 21:56:19] URL:- /demo/index.html SartajPHP Exception: Call to undefined function getCheckError() File:- /home/sartaj/www/demo/apps/index.app Line:- 33 traceback:-  File:- /home/sartaj/www/res/Score/Sphp/global/startEngine.php On Line:-395 
                ENDLOG_DATA
[2023-06-20: 22:37:34] URL:- /demo/index.html console.info("Controller:-index :Registered Application: /home/sartaj/www/demo/apps/index.app");console.info("Action:- :Event:  :Event Parameter: ");console.info("SPHP Time(ms):- 5.77, Req Time:- 14.54, TT:- 20.84");console.error("Error in app1 Detail:- I am dummy error ");  
                ENDLOG_DATA
[2023-06-20: 22:37:40] URL:- /demo/index.html console.info("Controller:-index :Registered Application: /home/sartaj/www/demo/apps/index.app");console.info("Action:- :Event:  :Event Parameter: ");console.info("SPHP Time(ms):- 3.64, Req Time:- 9.93, TT:- 13.77");console.error("Error in app1 Detail:- I am dummy error ");  
                ENDLOG_DATA
[2023-06-20: 22:37:50] URL:- /demo/index-txtname_keyup.html console.info("Controller:-index :Registered Application: /home/sartaj/www/demo/apps/index.app");console.info("Action:-evt :Event: txtname_keyup :Event Parameter: ");console.info("SPHP Time(ms):- 2.91, Req Time:- 11.22, TT:- 14.28");console.error("Error in txtname Detail:-  Minimum Characters should be 4 ");  
                ENDLOG_DATA
[2023-06-20: 22:37:50] URL:- /demo/index-txtname_keyup.html console.info("Controller:-index :Registered Application: /home/sartaj/www/demo/apps/index.app");console.info("Action:-evt :Event: txtname_keyup :Event Parameter: ");console.info("SPHP Time(ms):- 3.64, Req Time:- 13.38, TT:- 17.24");console.error("Error in txtname Detail:-  Minimum Characters should be 4 ");  
                ENDLOG_DATA
[2023-06-20: 22:37:50] URL:- /demo/index-txtname_keyup.html console.info("Controller:-index :Registered Application: /home/sartaj/www/demo/apps/index.app");console.info("Action:-evt :Event: txtname_keyup :Event Parameter: ");console.info("SPHP Time(ms):- 2.47, Req Time:- 9.13, TT:- 11.76");console.error("Error in txtname Detail:-  Minimum Characters should be 4 ");  
                ENDLOG_DATA
[2023-06-20: 22:37:51] URL:- /demo/index.html console.info("Controller:-index :Registered Application: /home/sartaj/www/demo/apps/index.app");console.info("Action:- :Event:  :Event Parameter: ");console.info("SPHP Time(ms):- 4.49, Req Time:- 12.9, TT:- 17.61");console.error("Error in app1 Detail:- I am dummy error ");  
                ENDLOG_DATA
[2023-06-20: 22:56:56] URL:- / console.info("Controller:-index :Registered Application: /media/sartaj/dev/www/gitdemo/demo/apps/index.app");console.info("Action:-evt :Event: txtname_keyup :Event Parameter: ");console.info("SPHP Time(ms):- 4.91, Req Time:- 10.7, TT:- 18.35");console.error("Error in txtname Detail:-  Minimum Characters should be 4 ");  
                ENDLOG_DATA
[2023-06-20: 22:56:56] URL:- / console.info("Controller:-index :Registered Application: /media/sartaj/dev/www/gitdemo/demo/apps/index.app");console.info("Action:-evt :Event: txtname_keyup :Event Parameter: ");console.info("SPHP Time(ms):- 5.25, Req Time:- 9.79, TT:- 17.59");console.error("Error in txtname Detail:-  Minimum Characters should be 4 ");  
                ENDLOG_DATA
[2023-06-20: 22:57:02] URL:- / console.info("Controller:-index :Registered Application: /media/sartaj/dev/www/gitdemo/demo/apps/index.app");console.info("Action:-evt :Event: txtname_keyup :Event Parameter: ");console.info("SPHP Time(ms):- 5.01, Req Time:- 10.95, TT:- 18.74");console.error("Error in txtname Detail:-  Minimum Characters should be 4 ");  
                ENDLOG_DATA
[2023-06-20: 23:04:15] URL:- / SartajPHP Exception: Page not found File:- /media/sartaj/dev/www/gitdemo/res/Score/Sphp/libsphp1.php Line:- 46 traceback:-  File:- /media/sartaj/dev/www/gitdemo/res/Score/Sphp/global/startEngine.php On Line:-395 
                ENDLOG_DATA
[2023-06-20: 23:04:15] URL:- / console.info("Controller:-signin :Registered Application: ");console.info("Action:- :Event:  :Event Parameter: ");console.error("/media/sartaj/dev/www/gitdemo/res/Score/Sphp/global/start.php -  Call0[runSartajPHPEngine()] SartajPHP Fatal ERROR [256] - 570");console.error("/media/sartaj/dev/www/gitdemo/demo/start.php -  Call0[startSartajPHPEngine()] SartajPHP Fatal ERROR [256] - 42");console.info("SPHP Time(ms):- 2.47, Req Time:- 12.48, TT:- 18.7");console.error("Error in Application Detail:- Requested Page can not be found in this server! ");  
                ENDLOG_DATA
[2023-06-20: 23:05:09] URL:- / SartajPHP Exception: Page not found File:- /media/sartaj/dev/www/gitdemo/res/Score/Sphp/libsphp1.php Line:- 46 traceback:-  File:- /media/sartaj/dev/www/gitdemo/res/Score/Sphp/global/startEngine.php On Line:-395 
                ENDLOG_DATA
[2023-06-20: 23:05:09] URL:- / console.info("Controller:-signin :Registered Application: ");console.info("Action:- :Event:  :Event Parameter: ");console.error("/media/sartaj/dev/www/gitdemo/res/Score/Sphp/global/start.php -  Call0[runSartajPHPEngine()] SartajPHP Fatal ERROR [256] - 570");console.error("/media/sartaj/dev/www/gitdemo/demo/start.php -  Call0[startSartajPHPEngine()] SartajPHP Fatal ERROR [256] - 42");console.info("SPHP Time(ms):- 3.02, Req Time:- 13.06, TT:- 18.99");console.error("Error in Application Detail:- Requested Page can not be found in this server! ");  
                ENDLOG_DATA
[2023-06-20: 23:09:50] URL:- / SartajPHP Exception: Call to undefined function imagecreatefrompng() Error in Element:- input#catcaha Comp file:- /media/sartaj/dev/www/gitdemo/res/controls/bundle/captcha/Captcha.php Call to undefined function imagecreatefrompng() File:- /media/sartaj/dev/www/gitdemo/res/controls/bundle/captcha/cap.php on line:- 42 File:- /media/sartaj/dev/www/gitdemo/demo/../res/Slib/apps/forms/contacts.php Line:- 57 traceback:-  File:- /media/sartaj/dev/www/gitdemo/res/Score/Sphp/global/startEngine.php On Line:-395 
                ENDLOG_DATA